<?xml version="1.0" encoding="UTF-8"?>
<coverage generated="1604741126281" clover="3.2.0">
  <project timestamp="1604741126282" name="All files">
    <metrics statements="19" coveredstatements="14" conditionals="8" coveredconditionals="6" methods="2" coveredmethods="1" elements="29" coveredelements="21" complexity="0" loc="19" ncloc="19" packages="3" files="3" classes="3"/>
    <package name="CreateJournalEntry">
      <metrics statements="13" coveredstatements="11" conditionals="6" coveredconditionals="5" methods="1" coveredmethods="1"/>
      <file name="index.ts" path="/Users/tobiasm/WebstormProjects/prilla-serverless/CreateJournalEntry/index.ts">
        <metrics statements="13" coveredstatements="11" conditionals="6" coveredconditionals="5" methods="1" coveredmethods="1"/>
        <line num="5" count="1" type="stmt"/>
        <line num="9" count="2" type="cond" truecount="1" falsecount="1"/>
        <line num="11" count="2" type="cond" truecount="2" falsecount="0"/>
        <line num="15" count="1" type="stmt"/>
        <line num="19" count="1" type="stmt"/>
        <line num="22" count="1" type="stmt"/>
        <line num="24" count="1" type="stmt"/>
        <line num="29" count="1" type="stmt"/>
        <line num="30" count="1" type="stmt"/>
        <line num="31" count="1" type="stmt"/>
        <line num="35" count="1" type="stmt"/>
        <line num="37" count="0" type="stmt"/>
        <line num="38" count="0" type="stmt"/>
      </file>
    </package>
    <package name="models">
      <metrics statements="1" coveredstatements="1" conditionals="0" coveredconditionals="0" methods="0" coveredmethods="0"/>
      <file name="journalEntry.model.ts" path="/Users/tobiasm/WebstormProjects/prilla-serverless/models/journalEntry.model.ts">
        <metrics statements="1" coveredstatements="1" conditionals="0" coveredconditionals="0" methods="0" coveredmethods="0"/>
        <line num="13" count="1" type="stmt"/>
      </file>
    </package>
    <package name="shared">
      <metrics statements="5" coveredstatements="2" conditionals="2" coveredconditionals="1" methods="1" coveredmethods="0"/>
      <file name="createConnection.ts" path="/Users/tobiasm/WebstormProjects/prilla-serverless/shared/createConnection.ts">
        <metrics statements="5" coveredstatements="2" conditionals="2" coveredconditionals="1" methods="1" coveredmethods="0"/>
        <line num="3" count="1" type="stmt"/>
        <line num="11" count="1" type="stmt"/>
        <line num="12" count="0" type="stmt"/>
        <line num="16" count="0" type="stmt"/>
        <line num="17" count="0" type="stmt"/>
      </file>
    </package>
  </project>
</coverage>
