{"/Users/tobiasm/WebstormProjects/prilla-serverless/CreateJournalEntry/index.ts": {"path":"/Users/tobiasm/WebstormProjects/prilla-serverless/CreateJournalEntry/index.ts","statementMap":{"0":{"start":{"line":5,"column":42},"end":{"line":43,"column":1}},"1":{"start":{"line":9,"column":23},"end":{"line":9,"column":55}},"2":{"start":{"line":11,"column":2},"end":{"line":20,"column":3}},"3":{"start":{"line":15,"column":4},"end":{"line":18,"column":6}},"4":{"start":{"line":19,"column":4},"end":{"line":19,"column":11}},"5":{"start":{"line":22,"column":17},"end":{"line":22,"column":41}},"6":{"start":{"line":24,"column":28},"end":{"line":27,"column":3}},"7":{"start":{"line":29,"column":2},"end":{"line":42,"column":3}},"8":{"start":{"line":30,"column":19},"end":{"line":30,"column":63}},"9":{"start":{"line":31,"column":4},"end":{"line":34,"column":6}},"10":{"start":{"line":35,"column":4},"end":{"line":35,"column":21}},"11":{"start":{"line":37,"column":4},"end":{"line":37,"column":33}},"12":{"start":{"line":38,"column":4},"end":{"line":41,"column":6}}},"fnMap":{"0":{"name":"(anonymous_0)","decl":{"start":{"line":5,"column":42},"end":{"line":5,"column":43}},"loc":{"start":{"line":8,"column":17},"end":{"line":43,"column":1}},"line":8}},"branchMap":{"0":{"loc":{"start":{"line":9,"column":24},"end":{"line":9,"column":38}},"type":"binary-expr","locations":[{"start":{"line":9,"column":24},"end":{"line":9,"column":32}},{"start":{"line":9,"column":36},"end":{"line":9,"column":38}}],"line":9},"1":{"loc":{"start":{"line":11,"column":2},"end":{"line":20,"column":3}},"type":"if","locations":[{"start":{"line":11,"column":2},"end":{"line":20,"column":3}},{"start":{"line":11,"column":2},"end":{"line":20,"column":3}}],"line":11},"2":{"loc":{"start":{"line":12,"column":4},"end":{"line":13,"column":39}},"type":"binary-expr","locations":[{"start":{"line":12,"column":4},"end":{"line":12,"column":42}},{"start":{"line":13,"column":4},"end":{"line":13,"column":39}}],"line":12}},"s":{"0":1,"1":2,"2":2,"3":1,"4":1,"5":1,"6":1,"7":1,"8":1,"9":1,"10":1,"11":0,"12":0},"f":{"0":2},"b":{"0":[2,0],"1":[1,1],"2":[2,1]},"_coverageSchema":"1a1c01bbd47fc00a2c39e90264f33305004495a9","hash":"1c23999d7296c04eeb881f56c6e472372e7bf941"}
,"/Users/tobiasm/WebstormProjects/prilla-serverless/models/journalEntry.model.ts": {"path":"/Users/tobiasm/WebstormProjects/prilla-serverless/models/journalEntry.model.ts","statementMap":{"0":{"start":{"line":13,"column":56},"end":{"line":20,"column":2}}},"fnMap":{},"branchMap":{},"s":{"0":1},"f":{},"b":{},"_coverageSchema":"1a1c01bbd47fc00a2c39e90264f33305004495a9","hash":"671301e635f740eb4f69867859863353f03690ee"}
,"/Users/tobiasm/WebstormProjects/prilla-serverless/shared/createConnection.ts": {"path":"/Users/tobiasm/WebstormProjects/prilla-serverless/shared/createConnection.ts","statementMap":{"0":{"start":{"line":3,"column":15},"end":{"line":9,"column":1}},"1":{"start":{"line":11,"column":25},"end":{"line":20,"column":1}},"2":{"start":{"line":12,"column":19},"end":{"line":15,"column":4}},"3":{"start":{"line":16,"column":13},"end":{"line":16,"column":32}},"4":{"start":{"line":17,"column":2},"end":{"line":19,"column":4}}},"fnMap":{"0":{"name":"(anonymous_0)","decl":{"start":{"line":11,"column":25},"end":{"line":11,"column":26}},"loc":{"start":{"line":11,"column":36},"end":{"line":20,"column":1}},"line":11}},"branchMap":{"0":{"loc":{"start":{"line":7,"column":4},"end":{"line":7,"column":70}},"type":"cond-expr","locations":[{"start":{"line":7,"column":47},"end":{"line":7,"column":55}},{"start":{"line":7,"column":58},"end":{"line":7,"column":70}}],"line":7}},"s":{"0":1,"1":1,"2":0,"3":0,"4":0},"f":{"0":0},"b":{"0":[0,1]},"_coverageSchema":"1a1c01bbd47fc00a2c39e90264f33305004495a9","hash":"949472eecd77713662c3c9dcff9910e75d69b800"}
}
