TN:
SF:CreateJournalEntry/index.ts
FN:5,(anonymous_0)
FNF:1
FNH:1
FNDA:2,(anonymous_0)
DA:5,1
DA:9,2
DA:11,2
DA:15,1
DA:19,1
DA:22,1
DA:24,1
DA:29,1
DA:30,1
DA:31,1
DA:36,0
DA:37,0
LF:12
LH:10
BRDA:9,0,0,2
BRDA:9,0,1,0
BRDA:11,1,0,1
BRDA:11,1,1,1
BRDA:12,2,0,2
BRDA:12,2,1,1
BRF:6
BRH:5
end_of_record
TN:
SF:models/journalEntry.model.ts
FNF:0
FNH:0
DA:13,1
LF:1
LH:1
BRF:0
BRH:0
end_of_record
TN:
SF:shared/createConnection.ts
FN:11,(anonymous_0)
FNF:1
FNH:0
FNDA:0,(anonymous_0)
DA:3,1
DA:11,1
DA:12,0
DA:16,0
DA:17,0
LF:5
LH:2
BRDA:7,0,0,0
BRDA:7,0,1,1
BRF:2
BRH:1
end_of_record
